<?xml version="1.0" encoding="UTF-8"?>
<testsuite name="com.petstore.cucumber.CucumberRunner" time="3.485" tests="40" errors="0" skipped="0" failures="0">
  <properties>
[...]
</properties>
  <testcase name="Given Petstore app is running" classname="| 012 | Prince | Owned |" time="0.003"/>
  <testcase name="Given Petstore app is running" classname="| 012 | Prince | Owned |" time="0"/>
  <testcase name="When I create a new Pet by providing petID &quot;012&quot; name &quot;Prince&quot; status &quot;Owned&quot;" classname="| 012 | Prince | Owned |" time="0.001"/>
  <testcase name="When I create a new Pet by providing petID &quot;012&quot; name &quot;Prince&quot; status &quot;Owned&quot;" classname="| 012 | Prince | Owned |" time="0"/>
  <testcase name="Then I must get back a valid status code 200" classname="| 012 | Prince | Owned |" time="0"/>
  <testcase name="| 012 | Prince | Owned |" classname="| 012 | Prince | Owned |" time="2.041"/>
  <testcase name="| 012 | Prince | Owned |" classname="| 012 | Prince | Owned |" time="0.053"/>
  <testcase name="| 012 | Prince | Owned |" classname="| 012 | Prince | Owned |" time="0.585"/>
  <testcase name="When I send GET request for petID &quot;&lt;id&gt;&quot;" classname="Scenario: As a user I am getting detail of new pet" time="0"/>
  <testcase name="Then I must get back valid status code 200" classname="Scenario: As a user I am getting detail of new pet" time="0"/>
  <testcase name="Scenario: As a user I am getting detail of new pet" classname="Scenario: As a user I am getting detail of new pet" time="0.058"/>
  <testcase name="When I update a Pet by providing petID &quot;012&quot; name &quot;Prince&quot; status &quot;Owned&quot;" classname="| 012 | Prince | Owned |" time="0"/>
  <testcase name="Then I must get a valid status code 200" classname="| 012 | Prince | Owned |" time="0"/>
  <testcase name="When I send delete request by petID &quot;&lt;id&gt;&quot;" classname="Scenario: As user I am deleting Pet detail" time="0"/>
  <testcase name="Then pet detail get deleted and get status code 200" classname="Scenario: As user I am deleting Pet detail" time="0"/>
  <testcase name="Scenario: As user I am deleting Pet detail" classname="Scenario: As user I am deleting Pet detail" time="0.061"/>
  <testcase name="And I send GET request for petID &quot;012&quot;" classname="| 012 | Prince | Owned |" time="0"/>
  <testcase name="And I update a Pet by providing petID &quot;012&quot; name &quot;Prince&quot; status &quot;Owned&quot;" classname="| 012 | Prince | Owned |" time="0"/>
  <testcase name="And I send delete request by petID &quot;012&quot;" classname="| 012 | Prince | Owned |" time="0"/>
  <testcase name="Then pet detail get deleted and get status code 200" classname="| 012 | Prince | Owned |" time="0"/>
  <testcase name="Given Petstore app is running" classname="| 786 | HarryP | Harry | Potter | H.Potter@gmail.com | abc123 | 012345678 | 1 |" time="0"/>
  <testcase name="Given Petstore app is running" classname="| 786 | HarryP | Harry | Potter | H.Potter@gmail.com | abc123 | 012345678 | 1 |" time="0"/>
  <testcase name="When I create a new user by providing userID &quot;786&quot; username &quot;HarryP&quot; firstName &quot;Harry&quot; lastName &quot;Potter&quot; email &quot;H.Potter@gmail.com&quot; password &quot;abc123&quot; phone &quot;012345678&quot; userStatus &quot;1&quot;" classname="| 786 | HarryP | Harry | Potter | H.Potter@gmail.com | abc123 | 012345678 | 1 |" time="0"/>
  <testcase name="When I create a new user by providing userID &quot;786&quot; username &quot;HarryP&quot; firstName &quot;Harry&quot; lastName &quot;Potter&quot; email &quot;H.Potter@gmail.com&quot; password &quot;abc123&quot; phone &quot;012345678&quot; userStatus &quot;1&quot;" classname="| 786 | HarryP | Harry | Potter | H.Potter@gmail.com | abc123 | 012345678 | 1 |" time="0"/>
  <testcase name="Then user must get back a valid status code 200" classname="| 786 | HarryP | Harry | Potter | H.Potter@gmail.com | abc123 | 012345678 | 1 |" time="0"/>
  <testcase name="| 786 | HarryP | Harry | Potter | H.Potter@gmail.com | abc123 | 012345678 | 1 |" classname="| 786 | HarryP | Harry | Potter | H.Potter@gmail.com | abc123 | 012345678 | 1 |" time="0.578"/>
  <testcase name="| 786 | HarryP | Harry | Potter | H.Potter@gmail.com | abc123 | 012345678 | 1 |" classname="| 786 | HarryP | Harry | Potter | H.Potter@gmail.com | abc123 | 012345678 | 1 |" time="0.567"/>
  <testcase name="When I send GET request for userID &quot;&lt;id&gt;&quot;" classname="Scenario: As a user I am getting detail of new user" time="0"/>
  <testcase name="Then I should get back a valid status code 200" classname="Scenario: As a user I am getting detail of new user" time="0"/>
  <testcase name="Scenario: As a user I am getting detail of new user" classname="Scenario: As a user I am getting detail of new user" time="0.579"/>
  <testcase name="When I update user by providing userID &quot;786&quot; username &quot;HarryP&quot; firstName &quot;Harryp&quot; lastName &quot;Potter&quot; email &quot;Harry.Potter@gmail.com&quot; password &quot;abc123&quot; phone &quot;012345678&quot; userStatus &quot;1&quot;" classname="| 786 | HarryP | Harryp | Potter | Harry.Potter@gmail.com | abc123 | 012345678 | 1 |" time="0"/>
  <testcase name="Then I should get a valid status code 200" classname="| 786 | HarryP | Harryp | Potter | Harry.Potter@gmail.com | abc123 | 012345678 | 1 |" time="0"/>
  <testcase name="| 786 | HarryP | Harryp | Potter | Harry.Potter@gmail.com | abc123 | 012345678 | 1 |" classname="| 786 | HarryP | Harryp | Potter | Harry.Potter@gmail.com | abc123 | 012345678 | 1 |" time="0.083"/>
  <testcase name="When I send delete request by userID &quot;&lt;id&gt;&quot;" classname="Scenario: As user I am deleting user detail" time="0"/>
  <testcase name="Then user get deleted and get status code 200" classname="Scenario: As user I am deleting user detail" time="0"/>
  <testcase name="Scenario: As user I am deleting user detail" classname="Scenario: As user I am deleting user detail" time="0.081"/>
  <testcase name="And I send GET request for userID &quot;786&quot;" classname="| 786 | HarryP | Harry | Potter | H.Potter@gmail.com | abc123 | 012345678 | 1 |" time="0"/>
  <testcase name="And I update user by providing userID &quot;786&quot; username &quot;HarryP&quot; firstName &quot;Harry&quot; lastName &quot;Potter&quot; email &quot;H.Potter@gmail.com&quot; password &quot;abc123&quot; phone &quot;012345678&quot; userStatus &quot;1&quot;" classname="| 786 | HarryP | Harry | Potter | H.Potter@gmail.com | abc123 | 012345678 | 1 |" time="0"/>
  <testcase name="And I send delete request by userID &quot;786&quot;" classname="| 786 | HarryP | Harry | Potter | H.Potter@gmail.com | abc123 | 012345678 | 1 |" time="0"/>
  <testcase name="Then user get deleted and get status code 200" classname="| 786 | HarryP | Harry | Potter | H.Potter@gmail.com | abc123 | 012345678 | 1 |" time="0"/>
</testsuite>