<?xml version="1.0" encoding="UTF-8"?><testsuite errors="0" failures="0" name="Testing different request on the petstore application" skipped="0" tests="5" time="6.81" timestamp="2023-01-10T22:49:36.397Z[Europe/London]"><testcase name="As a user I am registering new user detail"/><testcase name="As a user I am getting detail of new user"/><testcase name="As a user I am updating user detail"/><testcase name="As user I am deleting user detail"/><testcase name="As a user I am registering new user detail"/></testsuite>