<?xml version="1.0" encoding="UTF-8"?><testsuite errors="0" failures="0" name="Testing different request on the petstore application pet detail" skipped="0" tests="5" time="11.06" timestamp="2023-01-10T22:49:22.544Z[Europe/London]"><testcase name="As a user I am registering new pet detail"/><testcase name="As a user I am getting detail of new pet"/><testcase name="As a user I am updating existing pet detail"/><testcase name="As user I am deleting Pet detail"/><testcase name="As a user I am registering new pet detail"/></testsuite>